24-08-17 22:51:27.066 [background-preinit] INFO  o.h.validator.internal.util.Version ---- HV000001: Hibernate Validator 8.0.1.Final 
24-08-17 22:51:27.190 [main] INFO  com.todolist.app.TodoApplication ---- Starting TodoApplication using Java 22.0.2 with PID 14304 (G:\Project\To-do-List-Project\app\target\classes started by ASUS LAPTOP in G:\Project\To-do-List-Project) 
24-08-17 22:51:27.191 [main] DEBUG com.todolist.app.TodoApplication ---- Running with Spring Boot v3.3.2, Spring v6.1.11 
24-08-17 22:51:27.191 [main] INFO  com.todolist.app.TodoApplication ---- No active profile set, falling back to 1 default profile: "default" 
24-08-17 22:51:28.119 [main] INFO  o.s.d.r.c.RepositoryConfigurationDelegate ---- Bootstrapping Spring Data JPA repositories in DEFAULT mode. 
24-08-17 22:51:28.197 [main] INFO  o.s.d.r.c.RepositoryConfigurationDelegate ---- Finished Spring Data repository scanning in 69 ms. Found 3 JPA repository interfaces. 
24-08-17 22:51:29.100 [main] INFO  o.s.b.w.e.tomcat.TomcatWebServer ---- Tomcat initialized with port 8080 (http) 
24-08-17 22:51:29.115 [main] INFO  o.a.coyote.http11.Http11NioProtocol ---- Initializing ProtocolHandler ["http-nio-8080"] 
24-08-17 22:51:29.118 [main] INFO  o.a.catalina.core.StandardService ---- Starting service [Tomcat] 
24-08-17 22:51:29.119 [main] INFO  o.a.catalina.core.StandardEngine ---- Starting Servlet engine: [Apache Tomcat/10.1.26] 
24-08-17 22:51:29.194 [main] INFO  o.a.c.c.C.[Tomcat].[localhost].[/] ---- Initializing Spring embedded WebApplicationContext 
24-08-17 22:51:29.194 [main] INFO  o.s.b.w.s.c.ServletWebServerApplicationContext ---- Root WebApplicationContext: initialization completed in 1953 ms 
24-08-17 22:51:29.491 [main] INFO  o.h.jpa.internal.util.LogHelper ---- HHH000204: Processing PersistenceUnitInfo [name: default] 
24-08-17 22:51:29.567 [main] INFO  org.hibernate.Version ---- HHH000412: Hibernate ORM core version 6.5.2.Final 
24-08-17 22:51:29.606 [main] INFO  o.h.c.i.RegionFactoryInitiator ---- HHH000026: Second-level cache disabled 
24-08-17 22:51:29.967 [main] INFO  o.s.o.j.p.SpringPersistenceUnitInfo ---- No LoadTimeWeaver setup: ignoring JPA class transformer 
24-08-17 22:51:29.990 [main] INFO  com.zaxxer.hikari.HikariDataSource ---- HikariPool-1 - Starting... 
24-08-17 22:51:30.223 [main] INFO  com.zaxxer.hikari.pool.HikariPool ---- HikariPool-1 - Added connection com.mysql.cj.jdbc.ConnectionImpl@97beeaf 
24-08-17 22:51:30.224 [main] INFO  com.zaxxer.hikari.HikariDataSource ---- HikariPool-1 - Start completed. 
24-08-17 22:51:30.277 [main] WARN  org.hibernate.orm.deprecation ---- HHH90000025: MySQLDialect does not need to be specified explicitly using 'hibernate.dialect' (remove the property setting and it will be selected by default) 
24-08-17 22:51:30.939 [main] INFO  o.h.e.t.j.p.i.JtaPlatformInitiator ---- HHH000489: No JTA platform available (set 'hibernate.transaction.jta.platform' to enable JTA platform integration) 
24-08-17 22:51:31.299 [main] INFO  o.s.o.j.LocalContainerEntityManagerFactoryBean ---- Initialized JPA EntityManagerFactory for persistence unit 'default' 
24-08-17 22:51:31.641 [main] INFO  o.s.d.j.r.query.QueryEnhancerFactory ---- Hibernate is in classpath; If applicable, HQL parser will be used. 
24-08-17 22:51:32.131 [main] DEBUG c.t.a.filter.JwtAuthenticationFilter ---- Filter 'jwtAuthenticationFilter' configured for use 
24-08-17 22:51:32.175 [main] INFO  com.todolist.app.aop.LoggingAspect ---- Entering CLASS:com.todolist.app.config.SecurityBeans METHOD:passwordEncoder with ReturnType:PasswordEncoder and Arguments:[] 
24-08-17 22:51:32.178 [main] INFO  com.todolist.app.aop.LoggingAspect ---- Exiting CLASS:com.todolist.app.config.SecurityBeans METHOD:passwordEncoder with result:org.springframework.security.crypto.bcrypt.BCryptPasswordEncoder@5a5cd0af 
24-08-17 22:51:32.208 [main] INFO  com.todolist.app.aop.LoggingAspect ---- Entering CLASS:com.todolist.app.config.SecurityBeans METHOD:authenticationManager with ReturnType:AuthenticationManager and Arguments:[org.springframework.security.config.annotation.authentication.configuration.AuthenticationConfiguration@4086e003] 
24-08-17 22:51:32.233 [main] INFO  com.todolist.app.aop.LoggingAspect ---- Entering CLASS:com.todolist.app.config.SecurityConfig METHOD:doAuthenticationProvider with ReturnType:DaoAuthenticationProvider and Arguments:[] 
24-08-17 22:51:32.245 [main] INFO  com.todolist.app.aop.LoggingAspect ---- Exiting CLASS:com.todolist.app.config.SecurityConfig METHOD:doAuthenticationProvider with result:org.springframework.security.authentication.dao.DaoAuthenticationProvider@4a2891d1 
24-08-17 22:51:32.250 [main] INFO  o.s.s.c.a.a.c.InitializeAuthenticationProviderBeanManagerConfigurer$InitializeAuthenticationProviderManagerConfigurer ---- Global AuthenticationManager configured with AuthenticationProvider bean with name doAuthenticationProvider 
24-08-17 22:51:32.251 [main] WARN  o.s.s.c.a.a.c.InitializeUserDetailsBeanManagerConfigurer$InitializeUserDetailsManagerConfigurer ---- Global AuthenticationManager configured with an AuthenticationProvider bean. UserDetailsService beans will not be used for username/password login. Consider removing the AuthenticationProvider bean. Alternatively, consider using the UserDetailsService in a manually instantiated DaoAuthenticationProvider. 
24-08-17 22:51:32.254 [main] INFO  com.todolist.app.aop.LoggingAspect ---- Exiting CLASS:com.todolist.app.config.SecurityBeans METHOD:authenticationManager with result:org.springframework.security.authentication.ProviderManager@c88a842 
24-08-17 22:51:32.300 [main] WARN  o.s.b.w.s.c.AnnotationConfigServletWebServerApplicationContext ---- Exception encountered during context initialization - cancelling refresh attempt: org.springframework.beans.factory.UnsatisfiedDependencyException: Error creating bean with name 'toDoController' defined in file [G:\Project\To-do-List-Project\app\target\classes\com\todolist\app\controller\ToDoController.class]: Unsatisfied dependency expressed through constructor parameter 1: Error creating bean with name 'todoServiceImpl' defined in file [G:\Project\To-do-List-Project\app\target\classes\com\todolist\app\service\TodoServiceImpl.class]: Unsatisfied dependency expressed through constructor parameter 0: Error creating bean with name 'toDoRepository' defined in com.todolist.app.dao.ToDoRepository defined in @EnableJpaRepositories declared on JpaRepositoriesRegistrar.EnableJpaRepositoriesConfiguration: Could not create query for public abstract java.util.List com.todolist.app.dao.ToDoRepository.findByUser(java.util.UUID); Reason: Failed to create query for method public abstract java.util.List com.todolist.app.dao.ToDoRepository.findByUser(java.util.UUID); Cannot compare left expression of type 'com.todolist.app.entity.User' with right expression of type 'java.util.UUID' 
24-08-17 22:51:32.300 [main] INFO  o.s.o.j.LocalContainerEntityManagerFactoryBean ---- Closing JPA EntityManagerFactory for persistence unit 'default' 
24-08-17 22:51:32.302 [main] INFO  com.zaxxer.hikari.HikariDataSource ---- HikariPool-1 - Shutdown initiated... 
24-08-17 22:51:32.306 [main] INFO  com.zaxxer.hikari.HikariDataSource ---- HikariPool-1 - Shutdown completed. 
24-08-17 22:51:32.307 [main] INFO  o.a.catalina.core.StandardService ---- Stopping service [Tomcat] 
24-08-17 22:51:32.318 [main] INFO  o.s.b.a.l.ConditionEvaluationReportLogger ---- 

Error starting ApplicationContext. To display the condition evaluation report re-run your application with 'debug' enabled. 
24-08-17 22:51:32.339 [main] ERROR o.s.boot.SpringApplication ---- Application run failed 
org.springframework.beans.factory.UnsatisfiedDependencyException: Error creating bean with name 'toDoController' defined in file [G:\Project\To-do-List-Project\app\target\classes\com\todolist\app\controller\ToDoController.class]: Unsatisfied dependency expressed through constructor parameter 1: Error creating bean with name 'todoServiceImpl' defined in file [G:\Project\To-do-List-Project\app\target\classes\com\todolist\app\service\TodoServiceImpl.class]: Unsatisfied dependency expressed through constructor parameter 0: Error creating bean with name 'toDoRepository' defined in com.todolist.app.dao.ToDoRepository defined in @EnableJpaRepositories declared on JpaRepositoriesRegistrar.EnableJpaRepositoriesConfiguration: Could not create query for public abstract java.util.List com.todolist.app.dao.ToDoRepository.findByUser(java.util.UUID); Reason: Failed to create query for method public abstract java.util.List com.todolist.app.dao.ToDoRepository.findByUser(java.util.UUID); Cannot compare left expression of type 'com.todolist.app.entity.User' with right expression of type 'java.util.UUID'
	at org.springframework.beans.factory.support.ConstructorResolver.createArgumentArray(ConstructorResolver.java:795)
	at org.springframework.beans.factory.support.ConstructorResolver.autowireConstructor(ConstructorResolver.java:237)
	at org.springframework.beans.factory.support.AbstractAutowireCapableBeanFactory.autowireConstructor(AbstractAutowireCapableBeanFactory.java:1375)
	at org.springframework.beans.factory.support.AbstractAutowireCapableBeanFactory.createBeanInstance(AbstractAutowireCapableBeanFactory.java:1212)
	at org.springframework.beans.factory.support.AbstractAutowireCapableBeanFactory.doCreateBean(AbstractAutowireCapableBeanFactory.java:562)
	at org.springframework.beans.factory.support.AbstractAutowireCapableBeanFactory.createBean(AbstractAutowireCapableBeanFactory.java:522)
	at org.springframework.beans.factory.support.AbstractBeanFactory.lambda$doGetBean$0(AbstractBeanFactory.java:337)
	at org.springframework.beans.factory.support.DefaultSingletonBeanRegistry.getSingleton(DefaultSingletonBeanRegistry.java:234)
	at org.springframework.beans.factory.support.AbstractBeanFactory.doGetBean(AbstractBeanFactory.java:335)
	at org.springframework.beans.factory.support.AbstractBeanFactory.getBean(AbstractBeanFactory.java:200)
	at org.springframework.beans.factory.support.DefaultListableBeanFactory.preInstantiateSingletons(DefaultListableBeanFactory.java:975)
	at org.springframework.context.support.AbstractApplicationContext.finishBeanFactoryInitialization(AbstractApplicationContext.java:971)
	at org.springframework.context.support.AbstractApplicationContext.refresh(AbstractApplicationContext.java:625)
	at org.springframework.boot.web.servlet.context.ServletWebServerApplicationContext.refresh(ServletWebServerApplicationContext.java:146)
	at org.springframework.boot.SpringApplication.refresh(SpringApplication.java:754)
	at org.springframework.boot.SpringApplication.refreshContext(SpringApplication.java:456)
	at org.springframework.boot.SpringApplication.run(SpringApplication.java:335)
	at org.springframework.boot.SpringApplication.run(SpringApplication.java:1363)
	at org.springframework.boot.SpringApplication.run(SpringApplication.java:1352)
	at com.todolist.app.TodoApplication.main(TodoApplication.java:15)
Caused by: org.springframework.beans.factory.UnsatisfiedDependencyException: Error creating bean with name 'todoServiceImpl' defined in file [G:\Project\To-do-List-Project\app\target\classes\com\todolist\app\service\TodoServiceImpl.class]: Unsatisfied dependency expressed through constructor parameter 0: Error creating bean with name 'toDoRepository' defined in com.todolist.app.dao.ToDoRepository defined in @EnableJpaRepositories declared on JpaRepositoriesRegistrar.EnableJpaRepositoriesConfiguration: Could not create query for public abstract java.util.List com.todolist.app.dao.ToDoRepository.findByUser(java.util.UUID); Reason: Failed to create query for method public abstract java.util.List com.todolist.app.dao.ToDoRepository.findByUser(java.util.UUID); Cannot compare left expression of type 'com.todolist.app.entity.User' with right expression of type 'java.util.UUID'
	at org.springframework.beans.factory.support.ConstructorResolver.createArgumentArray(ConstructorResolver.java:795)
	at org.springframework.beans.factory.support.ConstructorResolver.autowireConstructor(ConstructorResolver.java:237)
	at org.springframework.beans.factory.support.AbstractAutowireCapableBeanFactory.autowireConstructor(AbstractAutowireCapableBeanFactory.java:1375)
	at org.springframework.beans.factory.support.AbstractAutowireCapableBeanFactory.createBeanInstance(AbstractAutowireCapableBeanFactory.java:1212)
	at org.springframework.beans.factory.support.AbstractAutowireCapableBeanFactory.doCreateBean(AbstractAutowireCapableBeanFactory.java:562)
	at org.springframework.beans.factory.support.AbstractAutowireCapableBeanFactory.createBean(AbstractAutowireCapableBeanFactory.java:522)
	at org.springframework.beans.factory.support.AbstractBeanFactory.lambda$doGetBean$0(AbstractBeanFactory.java:337)
	at org.springframework.beans.factory.support.DefaultSingletonBeanRegistry.getSingleton(DefaultSingletonBeanRegistry.java:234)
	at org.springframework.beans.factory.support.AbstractBeanFactory.doGetBean(AbstractBeanFactory.java:335)
	at org.springframework.beans.factory.support.AbstractBeanFactory.getBean(AbstractBeanFactory.java:200)
	at org.springframework.beans.factory.config.DependencyDescriptor.resolveCandidate(DependencyDescriptor.java:254)
	at org.springframework.beans.factory.support.DefaultListableBeanFactory.doResolveDependency(DefaultListableBeanFactory.java:1443)
	at org.springframework.beans.factory.support.DefaultListableBeanFactory.resolveDependency(DefaultListableBeanFactory.java:1353)
	at org.springframework.beans.factory.support.ConstructorResolver.resolveAutowiredArgument(ConstructorResolver.java:904)
	at org.springframework.beans.factory.support.ConstructorResolver.createArgumentArray(ConstructorResolver.java:782)
	... 19 common frames omitted
Caused by: org.springframework.beans.factory.BeanCreationException: Error creating bean with name 'toDoRepository' defined in com.todolist.app.dao.ToDoRepository defined in @EnableJpaRepositories declared on JpaRepositoriesRegistrar.EnableJpaRepositoriesConfiguration: Could not create query for public abstract java.util.List com.todolist.app.dao.ToDoRepository.findByUser(java.util.UUID); Reason: Failed to create query for method public abstract java.util.List com.todolist.app.dao.ToDoRepository.findByUser(java.util.UUID); Cannot compare left expression of type 'com.todolist.app.entity.User' with right expression of type 'java.util.UUID'
	at org.springframework.beans.factory.support.AbstractAutowireCapableBeanFactory.initializeBean(AbstractAutowireCapableBeanFactory.java:1806)
	at org.springframework.beans.factory.support.AbstractAutowireCapableBeanFactory.doCreateBean(AbstractAutowireCapableBeanFactory.java:600)
	at org.springframework.beans.factory.support.AbstractAutowireCapableBeanFactory.createBean(AbstractAutowireCapableBeanFactory.java:522)
	at org.springframework.beans.factory.support.AbstractBeanFactory.lambda$doGetBean$0(AbstractBeanFactory.java:337)
	at org.springframework.beans.factory.support.DefaultSingletonBeanRegistry.getSingleton(DefaultSingletonBeanRegistry.java:234)
	at org.springframework.beans.factory.support.AbstractBeanFactory.doGetBean(AbstractBeanFactory.java:335)
	at org.springframework.beans.factory.support.AbstractBeanFactory.getBean(AbstractBeanFactory.java:200)
	at org.springframework.beans.factory.config.DependencyDescriptor.resolveCandidate(DependencyDescriptor.java:254)
	at org.springframework.beans.factory.support.DefaultListableBeanFactory.doResolveDependency(DefaultListableBeanFactory.java:1443)
	at org.springframework.beans.factory.support.DefaultListableBeanFactory.resolveDependency(DefaultListableBeanFactory.java:1353)
	at org.springframework.beans.factory.support.ConstructorResolver.resolveAutowiredArgument(ConstructorResolver.java:904)
	at org.springframework.beans.factory.support.ConstructorResolver.createArgumentArray(ConstructorResolver.java:782)
	... 33 common frames omitted
Caused by: org.springframework.data.repository.query.QueryCreationException: Could not create query for public abstract java.util.List com.todolist.app.dao.ToDoRepository.findByUser(java.util.UUID); Reason: Failed to create query for method public abstract java.util.List com.todolist.app.dao.ToDoRepository.findByUser(java.util.UUID); Cannot compare left expression of type 'com.todolist.app.entity.User' with right expression of type 'java.util.UUID'
	at org.springframework.data.repository.query.QueryCreationException.create(QueryCreationException.java:101)
	at org.springframework.data.repository.core.support.QueryExecutorMethodInterceptor.lookupQuery(QueryExecutorMethodInterceptor.java:115)
	at org.springframework.data.repository.core.support.QueryExecutorMethodInterceptor.mapMethodsToQuery(QueryExecutorMethodInterceptor.java:99)
	at org.springframework.data.repository.core.support.QueryExecutorMethodInterceptor.lambda$new$0(QueryExecutorMethodInterceptor.java:88)
	at java.base/java.util.Optional.map(Optional.java:260)
	at org.springframework.data.repository.core.support.QueryExecutorMethodInterceptor.<init>(QueryExecutorMethodInterceptor.java:88)
	at org.springframework.data.repository.core.support.RepositoryFactorySupport.getRepository(RepositoryFactorySupport.java:357)
	at org.springframework.data.repository.core.support.RepositoryFactoryBeanSupport.lambda$afterPropertiesSet$5(RepositoryFactoryBeanSupport.java:286)
	at org.springframework.data.util.Lazy.getNullable(Lazy.java:135)
	at org.springframework.data.util.Lazy.get(Lazy.java:113)
	at org.springframework.data.repository.core.support.RepositoryFactoryBeanSupport.afterPropertiesSet(RepositoryFactoryBeanSupport.java:292)
	at org.springframework.data.jpa.repository.support.JpaRepositoryFactoryBean.afterPropertiesSet(JpaRepositoryFactoryBean.java:132)
	at org.springframework.beans.factory.support.AbstractAutowireCapableBeanFactory.invokeInitMethods(AbstractAutowireCapableBeanFactory.java:1853)
	at org.springframework.beans.factory.support.AbstractAutowireCapableBeanFactory.initializeBean(AbstractAutowireCapableBeanFactory.java:1802)
	... 44 common frames omitted
Caused by: java.lang.IllegalArgumentException: Failed to create query for method public abstract java.util.List com.todolist.app.dao.ToDoRepository.findByUser(java.util.UUID); Cannot compare left expression of type 'com.todolist.app.entity.User' with right expression of type 'java.util.UUID'
	at org.springframework.data.jpa.repository.query.PartTreeJpaQuery.<init>(PartTreeJpaQuery.java:107)
	at org.springframework.data.jpa.repository.query.JpaQueryLookupStrategy$CreateQueryLookupStrategy.resolveQuery(JpaQueryLookupStrategy.java:124)
	at org.springframework.data.jpa.repository.query.JpaQueryLookupStrategy$CreateIfNotFoundQueryLookupStrategy.resolveQuery(JpaQueryLookupStrategy.java:258)
	at org.springframework.data.jpa.repository.query.JpaQueryLookupStrategy$AbstractQueryLookupStrategy.resolveQuery(JpaQueryLookupStrategy.java:95)
	at org.springframework.data.repository.core.support.QueryExecutorMethodInterceptor.lookupQuery(QueryExecutorMethodInterceptor.java:111)
	... 56 common frames omitted
Caused by: org.hibernate.query.SemanticException: Cannot compare left expression of type 'com.todolist.app.entity.User' with right expression of type 'java.util.UUID'
	at org.hibernate.query.sqm.internal.TypecheckUtil.assertComparable(TypecheckUtil.java:358)
	at org.hibernate.query.sqm.tree.predicate.SqmComparisonPredicate.<init>(SqmComparisonPredicate.java:48)
	at org.hibernate.query.sqm.tree.predicate.SqmComparisonPredicate.<init>(SqmComparisonPredicate.java:34)
	at org.hibernate.query.sqm.internal.SqmCriteriaNodeBuilder.equal(SqmCriteriaNodeBuilder.java:2143)
	at org.hibernate.query.sqm.internal.SqmCriteriaNodeBuilder.equal(SqmCriteriaNodeBuilder.java:190)
	at org.springframework.data.jpa.repository.query.JpaQueryCreator$PredicateBuilder.build(JpaQueryCreator.java:312)
	at org.springframework.data.jpa.repository.query.JpaQueryCreator.toPredicate(JpaQueryCreator.java:210)
	at org.springframework.data.jpa.repository.query.JpaQueryCreator.create(JpaQueryCreator.java:121)
	at org.springframework.data.jpa.repository.query.JpaQueryCreator.create(JpaQueryCreator.java:1)
	at org.springframework.data.repository.query.parser.AbstractQueryCreator.createCriteria(AbstractQueryCreator.java:119)
	at org.springframework.data.repository.query.parser.AbstractQueryCreator.createQuery(AbstractQueryCreator.java:95)
	at org.springframework.data.repository.query.parser.AbstractQueryCreator.createQuery(AbstractQueryCreator.java:81)
	at org.springframework.data.jpa.repository.query.PartTreeJpaQuery$QueryPreparer.<init>(PartTreeJpaQuery.java:224)
	at org.springframework.data.jpa.repository.query.PartTreeJpaQuery$CountQueryPreparer.<init>(PartTreeJpaQuery.java:370)
	at org.springframework.data.jpa.repository.query.PartTreeJpaQuery.<init>(PartTreeJpaQuery.java:103)
	... 60 common frames omitted
24-08-17 22:53:32.635 [background-preinit] INFO  o.h.validator.internal.util.Version ---- HV000001: Hibernate Validator 8.0.1.Final 
24-08-17 22:53:32.745 [main] INFO  com.todolist.app.TodoApplication ---- Starting TodoApplication using Java 22.0.2 with PID 15716 (G:\Project\To-do-List-Project\app\target\classes started by ASUS LAPTOP in G:\Project\To-do-List-Project) 
24-08-17 22:53:32.745 [main] DEBUG com.todolist.app.TodoApplication ---- Running with Spring Boot v3.3.2, Spring v6.1.11 
24-08-17 22:53:32.746 [main] INFO  com.todolist.app.TodoApplication ---- No active profile set, falling back to 1 default profile: "default" 
24-08-17 22:53:33.571 [main] INFO  o.s.d.r.c.RepositoryConfigurationDelegate ---- Bootstrapping Spring Data JPA repositories in DEFAULT mode. 
24-08-17 22:53:33.627 [main] INFO  o.s.d.r.c.RepositoryConfigurationDelegate ---- Finished Spring Data repository scanning in 48 ms. Found 3 JPA repository interfaces. 
24-08-17 22:53:34.520 [main] INFO  o.s.b.w.e.tomcat.TomcatWebServer ---- Tomcat initialized with port 8080 (http) 
24-08-17 22:53:34.536 [main] INFO  o.a.coyote.http11.Http11NioProtocol ---- Initializing ProtocolHandler ["http-nio-8080"] 
24-08-17 22:53:34.539 [main] INFO  o.a.catalina.core.StandardService ---- Starting service [Tomcat] 
24-08-17 22:53:34.539 [main] INFO  o.a.catalina.core.StandardEngine ---- Starting Servlet engine: [Apache Tomcat/10.1.26] 
24-08-17 22:53:34.601 [main] INFO  o.a.c.c.C.[Tomcat].[localhost].[/] ---- Initializing Spring embedded WebApplicationContext 
24-08-17 22:53:34.602 [main] INFO  o.s.b.w.s.c.ServletWebServerApplicationContext ---- Root WebApplicationContext: initialization completed in 1800 ms 
24-08-17 22:53:34.864 [main] INFO  o.h.jpa.internal.util.LogHelper ---- HHH000204: Processing PersistenceUnitInfo [name: default] 
24-08-17 22:53:34.934 [main] INFO  org.hibernate.Version ---- HHH000412: Hibernate ORM core version 6.5.2.Final 
24-08-17 22:53:34.978 [main] INFO  o.h.c.i.RegionFactoryInitiator ---- HHH000026: Second-level cache disabled 
24-08-17 22:53:35.323 [main] INFO  o.s.o.j.p.SpringPersistenceUnitInfo ---- No LoadTimeWeaver setup: ignoring JPA class transformer 
24-08-17 22:53:35.348 [main] INFO  com.zaxxer.hikari.HikariDataSource ---- HikariPool-1 - Starting... 
24-08-17 22:53:35.490 [main] INFO  com.zaxxer.hikari.pool.HikariPool ---- HikariPool-1 - Added connection com.mysql.cj.jdbc.ConnectionImpl@6dbb3d7d 
24-08-17 22:53:35.493 [main] INFO  com.zaxxer.hikari.HikariDataSource ---- HikariPool-1 - Start completed. 
24-08-17 22:53:35.538 [main] WARN  org.hibernate.orm.deprecation ---- HHH90000025: MySQLDialect does not need to be specified explicitly using 'hibernate.dialect' (remove the property setting and it will be selected by default) 
24-08-17 22:53:36.204 [main] INFO  o.h.e.t.j.p.i.JtaPlatformInitiator ---- HHH000489: No JTA platform available (set 'hibernate.transaction.jta.platform' to enable JTA platform integration) 
24-08-17 22:53:36.266 [main] INFO  o.s.o.j.LocalContainerEntityManagerFactoryBean ---- Initialized JPA EntityManagerFactory for persistence unit 'default' 
24-08-17 22:53:36.597 [main] INFO  o.s.d.j.r.query.QueryEnhancerFactory ---- Hibernate is in classpath; If applicable, HQL parser will be used. 
24-08-17 22:53:37.064 [main] DEBUG c.t.a.filter.JwtAuthenticationFilter ---- Filter 'jwtAuthenticationFilter' configured for use 
24-08-17 22:53:37.094 [main] INFO  com.todolist.app.aop.LoggingAspect ---- Entering CLASS:com.todolist.app.config.SecurityBeans METHOD:passwordEncoder with ReturnType:PasswordEncoder and Arguments:[] 
24-08-17 22:53:37.096 [main] INFO  com.todolist.app.aop.LoggingAspect ---- Exiting CLASS:com.todolist.app.config.SecurityBeans METHOD:passwordEncoder with result:org.springframework.security.crypto.bcrypt.BCryptPasswordEncoder@1fc51af7 
24-08-17 22:53:37.115 [main] INFO  com.todolist.app.aop.LoggingAspect ---- Entering CLASS:com.todolist.app.config.SecurityBeans METHOD:authenticationManager with ReturnType:AuthenticationManager and Arguments:[org.springframework.security.config.annotation.authentication.configuration.AuthenticationConfiguration@39b50027] 
24-08-17 22:53:37.131 [main] INFO  com.todolist.app.aop.LoggingAspect ---- Entering CLASS:com.todolist.app.config.SecurityConfig METHOD:doAuthenticationProvider with ReturnType:DaoAuthenticationProvider and Arguments:[] 
24-08-17 22:53:37.144 [main] INFO  com.todolist.app.aop.LoggingAspect ---- Exiting CLASS:com.todolist.app.config.SecurityConfig METHOD:doAuthenticationProvider with result:org.springframework.security.authentication.dao.DaoAuthenticationProvider@14c06f50 
24-08-17 22:53:37.148 [main] INFO  o.s.s.c.a.a.c.InitializeAuthenticationProviderBeanManagerConfigurer$InitializeAuthenticationProviderManagerConfigurer ---- Global AuthenticationManager configured with AuthenticationProvider bean with name doAuthenticationProvider 
24-08-17 22:53:37.149 [main] WARN  o.s.s.c.a.a.c.InitializeUserDetailsBeanManagerConfigurer$InitializeUserDetailsManagerConfigurer ---- Global AuthenticationManager configured with an AuthenticationProvider bean. UserDetailsService beans will not be used for username/password login. Consider removing the AuthenticationProvider bean. Alternatively, consider using the UserDetailsService in a manually instantiated DaoAuthenticationProvider. 
24-08-17 22:53:37.151 [main] INFO  com.todolist.app.aop.LoggingAspect ---- Exiting CLASS:com.todolist.app.config.SecurityBeans METHOD:authenticationManager with result:org.springframework.security.authentication.ProviderManager@60ddad4 
24-08-17 22:53:37.195 [main] WARN  o.s.b.w.s.c.AnnotationConfigServletWebServerApplicationContext ---- Exception encountered during context initialization - cancelling refresh attempt: org.springframework.beans.factory.UnsatisfiedDependencyException: Error creating bean with name 'toDoController' defined in file [G:\Project\To-do-List-Project\app\target\classes\com\todolist\app\controller\ToDoController.class]: Unsatisfied dependency expressed through constructor parameter 1: Error creating bean with name 'todoServiceImpl' defined in file [G:\Project\To-do-List-Project\app\target\classes\com\todolist\app\service\TodoServiceImpl.class]: Unsatisfied dependency expressed through constructor parameter 0: Error creating bean with name 'toDoRepository' defined in com.todolist.app.dao.ToDoRepository defined in @EnableJpaRepositories declared on JpaRepositoriesRegistrar.EnableJpaRepositoriesConfiguration: Could not create query for public abstract java.util.List com.todolist.app.dao.ToDoRepository.findByUser(java.util.UUID); Reason: Failed to create query for method public abstract java.util.List com.todolist.app.dao.ToDoRepository.findByUser(java.util.UUID); Cannot compare left expression of type 'com.todolist.app.entity.User' with right expression of type 'java.util.UUID' 
24-08-17 22:53:37.196 [main] INFO  o.s.o.j.LocalContainerEntityManagerFactoryBean ---- Closing JPA EntityManagerFactory for persistence unit 'default' 
24-08-17 22:53:37.197 [main] INFO  com.zaxxer.hikari.HikariDataSource ---- HikariPool-1 - Shutdown initiated... 
24-08-17 22:53:37.210 [main] INFO  com.zaxxer.hikari.HikariDataSource ---- HikariPool-1 - Shutdown completed. 
24-08-17 22:53:37.211 [main] INFO  o.a.catalina.core.StandardService ---- Stopping service [Tomcat] 
24-08-17 22:53:37.221 [main] INFO  o.s.b.a.l.ConditionEvaluationReportLogger ---- 

Error starting ApplicationContext. To display the condition evaluation report re-run your application with 'debug' enabled. 
24-08-17 22:53:37.241 [main] ERROR o.s.boot.SpringApplication ---- Application run failed 
org.springframework.beans.factory.UnsatisfiedDependencyException: Error creating bean with name 'toDoController' defined in file [G:\Project\To-do-List-Project\app\target\classes\com\todolist\app\controller\ToDoController.class]: Unsatisfied dependency expressed through constructor parameter 1: Error creating bean with name 'todoServiceImpl' defined in file [G:\Project\To-do-List-Project\app\target\classes\com\todolist\app\service\TodoServiceImpl.class]: Unsatisfied dependency expressed through constructor parameter 0: Error creating bean with name 'toDoRepository' defined in com.todolist.app.dao.ToDoRepository defined in @EnableJpaRepositories declared on JpaRepositoriesRegistrar.EnableJpaRepositoriesConfiguration: Could not create query for public abstract java.util.List com.todolist.app.dao.ToDoRepository.findByUser(java.util.UUID); Reason: Failed to create query for method public abstract java.util.List com.todolist.app.dao.ToDoRepository.findByUser(java.util.UUID); Cannot compare left expression of type 'com.todolist.app.entity.User' with right expression of type 'java.util.UUID'
	at org.springframework.beans.factory.support.ConstructorResolver.createArgumentArray(ConstructorResolver.java:795)
	at org.springframework.beans.factory.support.ConstructorResolver.autowireConstructor(ConstructorResolver.java:237)
	at org.springframework.beans.factory.support.AbstractAutowireCapableBeanFactory.autowireConstructor(AbstractAutowireCapableBeanFactory.java:1375)
	at org.springframework.beans.factory.support.AbstractAutowireCapableBeanFactory.createBeanInstance(AbstractAutowireCapableBeanFactory.java:1212)
	at org.springframework.beans.factory.support.AbstractAutowireCapableBeanFactory.doCreateBean(AbstractAutowireCapableBeanFactory.java:562)
	at org.springframework.beans.factory.support.AbstractAutowireCapableBeanFactory.createBean(AbstractAutowireCapableBeanFactory.java:522)
	at org.springframework.beans.factory.support.AbstractBeanFactory.lambda$doGetBean$0(AbstractBeanFactory.java:337)
	at org.springframework.beans.factory.support.DefaultSingletonBeanRegistry.getSingleton(DefaultSingletonBeanRegistry.java:234)
	at org.springframework.beans.factory.support.AbstractBeanFactory.doGetBean(AbstractBeanFactory.java:335)
	at org.springframework.beans.factory.support.AbstractBeanFactory.getBean(AbstractBeanFactory.java:200)
	at org.springframework.beans.factory.support.DefaultListableBeanFactory.preInstantiateSingletons(DefaultListableBeanFactory.java:975)
	at org.springframework.context.support.AbstractApplicationContext.finishBeanFactoryInitialization(AbstractApplicationContext.java:971)
	at org.springframework.context.support.AbstractApplicationContext.refresh(AbstractApplicationContext.java:625)
	at org.springframework.boot.web.servlet.context.ServletWebServerApplicationContext.refresh(ServletWebServerApplicationContext.java:146)
	at org.springframework.boot.SpringApplication.refresh(SpringApplication.java:754)
	at org.springframework.boot.SpringApplication.refreshContext(SpringApplication.java:456)
	at org.springframework.boot.SpringApplication.run(SpringApplication.java:335)
	at org.springframework.boot.SpringApplication.run(SpringApplication.java:1363)
	at org.springframework.boot.SpringApplication.run(SpringApplication.java:1352)
	at com.todolist.app.TodoApplication.main(TodoApplication.java:15)
Caused by: org.springframework.beans.factory.UnsatisfiedDependencyException: Error creating bean with name 'todoServiceImpl' defined in file [G:\Project\To-do-List-Project\app\target\classes\com\todolist\app\service\TodoServiceImpl.class]: Unsatisfied dependency expressed through constructor parameter 0: Error creating bean with name 'toDoRepository' defined in com.todolist.app.dao.ToDoRepository defined in @EnableJpaRepositories declared on JpaRepositoriesRegistrar.EnableJpaRepositoriesConfiguration: Could not create query for public abstract java.util.List com.todolist.app.dao.ToDoRepository.findByUser(java.util.UUID); Reason: Failed to create query for method public abstract java.util.List com.todolist.app.dao.ToDoRepository.findByUser(java.util.UUID); Cannot compare left expression of type 'com.todolist.app.entity.User' with right expression of type 'java.util.UUID'
	at org.springframework.beans.factory.support.ConstructorResolver.createArgumentArray(ConstructorResolver.java:795)
	at org.springframework.beans.factory.support.ConstructorResolver.autowireConstructor(ConstructorResolver.java:237)
	at org.springframework.beans.factory.support.AbstractAutowireCapableBeanFactory.autowireConstructor(AbstractAutowireCapableBeanFactory.java:1375)
	at org.springframework.beans.factory.support.AbstractAutowireCapableBeanFactory.createBeanInstance(AbstractAutowireCapableBeanFactory.java:1212)
	at org.springframework.beans.factory.support.AbstractAutowireCapableBeanFactory.doCreateBean(AbstractAutowireCapableBeanFactory.java:562)
	at org.springframework.beans.factory.support.AbstractAutowireCapableBeanFactory.createBean(AbstractAutowireCapableBeanFactory.java:522)
	at org.springframework.beans.factory.support.AbstractBeanFactory.lambda$doGetBean$0(AbstractBeanFactory.java:337)
	at org.springframework.beans.factory.support.DefaultSingletonBeanRegistry.getSingleton(DefaultSingletonBeanRegistry.java:234)
	at org.springframework.beans.factory.support.AbstractBeanFactory.doGetBean(AbstractBeanFactory.java:335)
	at org.springframework.beans.factory.support.AbstractBeanFactory.getBean(AbstractBeanFactory.java:200)
	at org.springframework.beans.factory.config.DependencyDescriptor.resolveCandidate(DependencyDescriptor.java:254)
	at org.springframework.beans.factory.support.DefaultListableBeanFactory.doResolveDependency(DefaultListableBeanFactory.java:1443)
	at org.springframework.beans.factory.support.DefaultListableBeanFactory.resolveDependency(DefaultListableBeanFactory.java:1353)
	at org.springframework.beans.factory.support.ConstructorResolver.resolveAutowiredArgument(ConstructorResolver.java:904)
	at org.springframework.beans.factory.support.ConstructorResolver.createArgumentArray(ConstructorResolver.java:782)
	... 19 common frames omitted
Caused by: org.springframework.beans.factory.BeanCreationException: Error creating bean with name 'toDoRepository' defined in com.todolist.app.dao.ToDoRepository defined in @EnableJpaRepositories declared on JpaRepositoriesRegistrar.EnableJpaRepositoriesConfiguration: Could not create query for public abstract java.util.List com.todolist.app.dao.ToDoRepository.findByUser(java.util.UUID); Reason: Failed to create query for method public abstract java.util.List com.todolist.app.dao.ToDoRepository.findByUser(java.util.UUID); Cannot compare left expression of type 'com.todolist.app.entity.User' with right expression of type 'java.util.UUID'
	at org.springframework.beans.factory.support.AbstractAutowireCapableBeanFactory.initializeBean(AbstractAutowireCapableBeanFactory.java:1806)
	at org.springframework.beans.factory.support.AbstractAutowireCapableBeanFactory.doCreateBean(AbstractAutowireCapableBeanFactory.java:600)
	at org.springframework.beans.factory.support.AbstractAutowireCapableBeanFactory.createBean(AbstractAutowireCapableBeanFactory.java:522)
	at org.springframework.beans.factory.support.AbstractBeanFactory.lambda$doGetBean$0(AbstractBeanFactory.java:337)
	at org.springframework.beans.factory.support.DefaultSingletonBeanRegistry.getSingleton(DefaultSingletonBeanRegistry.java:234)
	at org.springframework.beans.factory.support.AbstractBeanFactory.doGetBean(AbstractBeanFactory.java:335)
	at org.springframework.beans.factory.support.AbstractBeanFactory.getBean(AbstractBeanFactory.java:200)
	at org.springframework.beans.factory.config.DependencyDescriptor.resolveCandidate(DependencyDescriptor.java:254)
	at org.springframework.beans.factory.support.DefaultListableBeanFactory.doResolveDependency(DefaultListableBeanFactory.java:1443)
	at org.springframework.beans.factory.support.DefaultListableBeanFactory.resolveDependency(DefaultListableBeanFactory.java:1353)
	at org.springframework.beans.factory.support.ConstructorResolver.resolveAutowiredArgument(ConstructorResolver.java:904)
	at org.springframework.beans.factory.support.ConstructorResolver.createArgumentArray(ConstructorResolver.java:782)
	... 33 common frames omitted
Caused by: org.springframework.data.repository.query.QueryCreationException: Could not create query for public abstract java.util.List com.todolist.app.dao.ToDoRepository.findByUser(java.util.UUID); Reason: Failed to create query for method public abstract java.util.List com.todolist.app.dao.ToDoRepository.findByUser(java.util.UUID); Cannot compare left expression of type 'com.todolist.app.entity.User' with right expression of type 'java.util.UUID'
	at org.springframework.data.repository.query.QueryCreationException.create(QueryCreationException.java:101)
	at org.springframework.data.repository.core.support.QueryExecutorMethodInterceptor.lookupQuery(QueryExecutorMethodInterceptor.java:115)
	at org.springframework.data.repository.core.support.QueryExecutorMethodInterceptor.mapMethodsToQuery(QueryExecutorMethodInterceptor.java:99)
	at org.springframework.data.repository.core.support.QueryExecutorMethodInterceptor.lambda$new$0(QueryExecutorMethodInterceptor.java:88)
	at java.base/java.util.Optional.map(Optional.java:260)
	at org.springframework.data.repository.core.support.QueryExecutorMethodInterceptor.<init>(QueryExecutorMethodInterceptor.java:88)
	at org.springframework.data.repository.core.support.RepositoryFactorySupport.getRepository(RepositoryFactorySupport.java:357)
	at org.springframework.data.repository.core.support.RepositoryFactoryBeanSupport.lambda$afterPropertiesSet$5(RepositoryFactoryBeanSupport.java:286)
	at org.springframework.data.util.Lazy.getNullable(Lazy.java:135)
	at org.springframework.data.util.Lazy.get(Lazy.java:113)
	at org.springframework.data.repository.core.support.RepositoryFactoryBeanSupport.afterPropertiesSet(RepositoryFactoryBeanSupport.java:292)
	at org.springframework.data.jpa.repository.support.JpaRepositoryFactoryBean.afterPropertiesSet(JpaRepositoryFactoryBean.java:132)
	at org.springframework.beans.factory.support.AbstractAutowireCapableBeanFactory.invokeInitMethods(AbstractAutowireCapableBeanFactory.java:1853)
	at org.springframework.beans.factory.support.AbstractAutowireCapableBeanFactory.initializeBean(AbstractAutowireCapableBeanFactory.java:1802)
	... 44 common frames omitted
Caused by: java.lang.IllegalArgumentException: Failed to create query for method public abstract java.util.List com.todolist.app.dao.ToDoRepository.findByUser(java.util.UUID); Cannot compare left expression of type 'com.todolist.app.entity.User' with right expression of type 'java.util.UUID'
	at org.springframework.data.jpa.repository.query.PartTreeJpaQuery.<init>(PartTreeJpaQuery.java:107)
	at org.springframework.data.jpa.repository.query.JpaQueryLookupStrategy$CreateQueryLookupStrategy.resolveQuery(JpaQueryLookupStrategy.java:124)
	at org.springframework.data.jpa.repository.query.JpaQueryLookupStrategy$CreateIfNotFoundQueryLookupStrategy.resolveQuery(JpaQueryLookupStrategy.java:258)
	at org.springframework.data.jpa.repository.query.JpaQueryLookupStrategy$AbstractQueryLookupStrategy.resolveQuery(JpaQueryLookupStrategy.java:95)
	at org.springframework.data.repository.core.support.QueryExecutorMethodInterceptor.lookupQuery(QueryExecutorMethodInterceptor.java:111)
	... 56 common frames omitted
Caused by: org.hibernate.query.SemanticException: Cannot compare left expression of type 'com.todolist.app.entity.User' with right expression of type 'java.util.UUID'
	at org.hibernate.query.sqm.internal.TypecheckUtil.assertComparable(TypecheckUtil.java:358)
	at org.hibernate.query.sqm.tree.predicate.SqmComparisonPredicate.<init>(SqmComparisonPredicate.java:48)
	at org.hibernate.query.sqm.tree.predicate.SqmComparisonPredicate.<init>(SqmComparisonPredicate.java:34)
	at org.hibernate.query.sqm.internal.SqmCriteriaNodeBuilder.equal(SqmCriteriaNodeBuilder.java:2143)
	at org.hibernate.query.sqm.internal.SqmCriteriaNodeBuilder.equal(SqmCriteriaNodeBuilder.java:190)
	at org.springframework.data.jpa.repository.query.JpaQueryCreator$PredicateBuilder.build(JpaQueryCreator.java:312)
	at org.springframework.data.jpa.repository.query.JpaQueryCreator.toPredicate(JpaQueryCreator.java:210)
	at org.springframework.data.jpa.repository.query.JpaQueryCreator.create(JpaQueryCreator.java:121)
	at org.springframework.data.jpa.repository.query.JpaQueryCreator.create(JpaQueryCreator.java:1)
	at org.springframework.data.repository.query.parser.AbstractQueryCreator.createCriteria(AbstractQueryCreator.java:119)
	at org.springframework.data.repository.query.parser.AbstractQueryCreator.createQuery(AbstractQueryCreator.java:95)
	at org.springframework.data.repository.query.parser.AbstractQueryCreator.createQuery(AbstractQueryCreator.java:81)
	at org.springframework.data.jpa.repository.query.PartTreeJpaQuery$QueryPreparer.<init>(PartTreeJpaQuery.java:224)
	at org.springframework.data.jpa.repository.query.PartTreeJpaQuery$CountQueryPreparer.<init>(PartTreeJpaQuery.java:370)
	at org.springframework.data.jpa.repository.query.PartTreeJpaQuery.<init>(PartTreeJpaQuery.java:103)
	... 60 common frames omitted
24-08-17 22:58:39.279 [background-preinit] INFO  o.h.validator.internal.util.Version ---- HV000001: Hibernate Validator 8.0.1.Final 
24-08-17 22:58:39.387 [main] INFO  com.todolist.app.TodoApplication ---- Starting TodoApplication using Java 22.0.2 with PID 12852 (G:\Project\To-do-List-Project\app\target\classes started by ASUS LAPTOP in G:\Project\To-do-List-Project) 
24-08-17 22:58:39.388 [main] DEBUG com.todolist.app.TodoApplication ---- Running with Spring Boot v3.3.2, Spring v6.1.11 
24-08-17 22:58:39.389 [main] INFO  com.todolist.app.TodoApplication ---- No active profile set, falling back to 1 default profile: "default" 
24-08-17 22:58:40.277 [main] INFO  o.s.d.r.c.RepositoryConfigurationDelegate ---- Bootstrapping Spring Data JPA repositories in DEFAULT mode. 
24-08-17 22:58:40.347 [main] INFO  o.s.d.r.c.RepositoryConfigurationDelegate ---- Finished Spring Data repository scanning in 61 ms. Found 3 JPA repository interfaces. 
24-08-17 22:58:41.213 [main] INFO  o.s.b.w.e.tomcat.TomcatWebServer ---- Tomcat initialized with port 8080 (http) 
24-08-17 22:58:41.228 [main] INFO  o.a.coyote.http11.Http11NioProtocol ---- Initializing ProtocolHandler ["http-nio-8080"] 
24-08-17 22:58:41.232 [main] INFO  o.a.catalina.core.StandardService ---- Starting service [Tomcat] 
24-08-17 22:58:41.233 [main] INFO  o.a.catalina.core.StandardEngine ---- Starting Servlet engine: [Apache Tomcat/10.1.26] 
24-08-17 22:58:41.304 [main] INFO  o.a.c.c.C.[Tomcat].[localhost].[/] ---- Initializing Spring embedded WebApplicationContext 
24-08-17 22:58:41.305 [main] INFO  o.s.b.w.s.c.ServletWebServerApplicationContext ---- Root WebApplicationContext: initialization completed in 1875 ms 
24-08-17 22:58:41.573 [main] INFO  o.h.jpa.internal.util.LogHelper ---- HHH000204: Processing PersistenceUnitInfo [name: default] 
24-08-17 22:58:41.638 [main] INFO  org.hibernate.Version ---- HHH000412: Hibernate ORM core version 6.5.2.Final 
24-08-17 22:58:41.668 [main] INFO  o.h.c.i.RegionFactoryInitiator ---- HHH000026: Second-level cache disabled 
24-08-17 22:58:42.014 [main] INFO  o.s.o.j.p.SpringPersistenceUnitInfo ---- No LoadTimeWeaver setup: ignoring JPA class transformer 
24-08-17 22:58:42.048 [main] INFO  com.zaxxer.hikari.HikariDataSource ---- HikariPool-1 - Starting... 
24-08-17 22:58:42.175 [main] INFO  com.zaxxer.hikari.pool.HikariPool ---- HikariPool-1 - Added connection com.mysql.cj.jdbc.ConnectionImpl@1c792107 
24-08-17 22:58:42.177 [main] INFO  com.zaxxer.hikari.HikariDataSource ---- HikariPool-1 - Start completed. 
24-08-17 22:58:42.234 [main] WARN  org.hibernate.orm.deprecation ---- HHH90000025: MySQLDialect does not need to be specified explicitly using 'hibernate.dialect' (remove the property setting and it will be selected by default) 
24-08-17 22:58:42.920 [main] INFO  o.h.e.t.j.p.i.JtaPlatformInitiator ---- HHH000489: No JTA platform available (set 'hibernate.transaction.jta.platform' to enable JTA platform integration) 
24-08-17 22:58:42.976 [main] INFO  o.s.o.j.LocalContainerEntityManagerFactoryBean ---- Initialized JPA EntityManagerFactory for persistence unit 'default' 
24-08-17 22:58:43.365 [main] INFO  o.s.d.j.r.query.QueryEnhancerFactory ---- Hibernate is in classpath; If applicable, HQL parser will be used. 
24-08-17 22:58:43.840 [main] DEBUG c.t.a.filter.JwtAuthenticationFilter ---- Filter 'jwtAuthenticationFilter' configured for use 
24-08-17 22:58:43.877 [main] INFO  com.todolist.app.aop.LoggingAspect ---- Entering CLASS:com.todolist.app.config.SecurityBeans METHOD:passwordEncoder with ReturnType:PasswordEncoder and Arguments:[] 
24-08-17 22:58:43.880 [main] INFO  com.todolist.app.aop.LoggingAspect ---- Exiting CLASS:com.todolist.app.config.SecurityBeans METHOD:passwordEncoder with result:org.springframework.security.crypto.bcrypt.BCryptPasswordEncoder@56554e7 
24-08-17 22:58:43.904 [main] INFO  com.todolist.app.aop.LoggingAspect ---- Entering CLASS:com.todolist.app.config.SecurityBeans METHOD:authenticationManager with ReturnType:AuthenticationManager and Arguments:[org.springframework.security.config.annotation.authentication.configuration.AuthenticationConfiguration@5d38758a] 
24-08-17 22:58:43.925 [main] INFO  com.todolist.app.aop.LoggingAspect ---- Entering CLASS:com.todolist.app.config.SecurityConfig METHOD:doAuthenticationProvider with ReturnType:DaoAuthenticationProvider and Arguments:[] 
24-08-17 22:58:43.941 [main] INFO  com.todolist.app.aop.LoggingAspect ---- Exiting CLASS:com.todolist.app.config.SecurityConfig METHOD:doAuthenticationProvider with result:org.springframework.security.authentication.dao.DaoAuthenticationProvider@808f65 
24-08-17 22:58:43.946 [main] INFO  o.s.s.c.a.a.c.InitializeAuthenticationProviderBeanManagerConfigurer$InitializeAuthenticationProviderManagerConfigurer ---- Global AuthenticationManager configured with AuthenticationProvider bean with name doAuthenticationProvider 
24-08-17 22:58:43.947 [main] WARN  o.s.s.c.a.a.c.InitializeUserDetailsBeanManagerConfigurer$InitializeUserDetailsManagerConfigurer ---- Global AuthenticationManager configured with an AuthenticationProvider bean. UserDetailsService beans will not be used for username/password login. Consider removing the AuthenticationProvider bean. Alternatively, consider using the UserDetailsService in a manually instantiated DaoAuthenticationProvider. 
24-08-17 22:58:43.950 [main] INFO  com.todolist.app.aop.LoggingAspect ---- Exiting CLASS:com.todolist.app.config.SecurityBeans METHOD:authenticationManager with result:org.springframework.security.authentication.ProviderManager@613aeb51 
24-08-17 22:58:44.012 [main] INFO  com.todolist.app.aop.LoggingAspect ---- Entering CLASS:com.todolist.app.TodoApplication METHOD:mapper with ReturnType:ModelMapper and Arguments:[] 
24-08-17 22:58:44.037 [main] INFO  com.todolist.app.aop.LoggingAspect ---- Exiting CLASS:com.todolist.app.TodoApplication METHOD:mapper with result:org.modelmapper.ModelMapper@4f142cbd 
24-08-17 22:58:44.105 [main] WARN  o.s.b.a.o.j.JpaBaseConfiguration$JpaWebConfiguration ---- spring.jpa.open-in-view is enabled by default. Therefore, database queries may be performed during view rendering. Explicitly configure spring.jpa.open-in-view to disable this warning 
24-08-17 22:58:44.221 [main] INFO  com.todolist.app.aop.LoggingAspect ---- Entering CLASS:com.todolist.app.config.SecurityConfig METHOD:securityFilterChain with ReturnType:SecurityFilterChain and Arguments:[org.springframework.security.config.annotation.web.builders.HttpSecurity@502a9b30] 
24-08-17 22:58:44.221 [main] INFO  c.todolist.app.config.SecurityConfig ---- Security filter chain => org.springframework.security.config.annotation.web.builders.HttpSecurity@502a9b30 
24-08-17 22:58:44.539 [main] INFO  com.todolist.app.aop.LoggingAspect ---- Exiting CLASS:com.todolist.app.config.SecurityConfig METHOD:securityFilterChain with result:DefaultSecurityFilterChain [RequestMatcher=any request, Filters=[org.springframework.security.web.session.DisableEncodeUrlFilter@68c1d547, org.springframework.security.web.context.request.async.WebAsyncManagerIntegrationFilter@34788780, org.springframework.security.web.context.SecurityContextHolderFilter@659f5f32, org.springframework.security.web.header.HeaderWriterFilter@113b39e9, org.springframework.web.filter.CorsFilter@7002dacc, org.springframework.security.web.authentication.logout.LogoutFilter@20e43235, com.todolist.app.filter.JwtAuthenticationFilter@9d455a6, org.springframework.security.web.savedrequest.RequestCacheAwareFilter@3e0575a2, org.springframework.security.web.servletapi.SecurityContextHolderAwareRequestFilter@816272a, org.springframework.security.web.authentication.AnonymousAuthenticationFilter@36b1b28, org.springframework.security.web.session.SessionManagementFilter@71669835, org.springframework.security.web.access.ExceptionTranslationFilter@12c1826, org.springframework.security.web.access.intercept.AuthorizationFilter@5e9355a6]] 
24-08-17 22:58:44.909 [main] INFO  o.a.coyote.http11.Http11NioProtocol ---- Starting ProtocolHandler ["http-nio-8080"] 
24-08-17 22:58:44.929 [main] INFO  o.s.b.w.e.tomcat.TomcatWebServer ---- Tomcat started on port 8080 (http) with context path '/' 
24-08-17 22:58:44.937 [main] INFO  com.todolist.app.TodoApplication ---- Started TodoApplication in 5.985 seconds (process running for 6.628) 
24-08-17 22:59:00.848 [http-nio-8080-exec-1] INFO  o.a.c.c.C.[Tomcat].[localhost].[/] ---- Initializing Spring DispatcherServlet 'dispatcherServlet' 
24-08-17 22:59:00.848 [http-nio-8080-exec-1] INFO  o.s.web.servlet.DispatcherServlet ---- Initializing Servlet 'dispatcherServlet' 
24-08-17 22:59:00.849 [http-nio-8080-exec-1] INFO  o.s.web.servlet.DispatcherServlet ---- Completed initialization in 1 ms 
24-08-17 22:59:00.877 [http-nio-8080-exec-1] INFO  o.s.web.filter.OncePerRequestFilter ---- Invalid Header value!! 
24-08-17 22:59:00.975 [http-nio-8080-exec-1] INFO  com.todolist.app.aop.LoggingAspect ---- Entering CLASS:com.todolist.app.controller.AuthController METHOD:login with ReturnType:ResponseEntity and Arguments:[JwtRequest(name=Mohit123@gmail.com, password=Password@123, captchaId=null, captcha=null)] 
24-08-17 22:59:01.064 [http-nio-8080-exec-1] INFO  com.todolist.app.aop.LoggingAspect ---- Entering CLASS:com.todolist.app.service.CustomUserDetailsService METHOD:loadUserByUsername with ReturnType:UserDetails and Arguments:[Mohit123@gmail.com] 
24-08-17 22:59:01.066 [http-nio-8080-exec-1] INFO  com.todolist.app.aop.LoggingAspect ---- Entering CLASS:com.todolist.app.dao.UserRepository METHOD:findByUsernameOrEmail with ReturnType:User and Arguments:[Mohit123@gmail.com] 
24-08-17 22:59:01.156 [http-nio-8080-exec-1] INFO  com.todolist.app.aop.LoggingAspect ---- Exiting CLASS:com.todolist.app.dao.UserRepository METHOD:findByUsernameOrEmail with result:User(id=9c8cf542-1449-4179-ba5a-a3e49bec6cda, username=Mohit, email=Mohit123@gmail.com, password=$2a$10$pyVpaepR2I03x76q1TFese67u0EjphokpnPI0wQZq2fgR/UwACpu., role=null) 
24-08-17 22:59:01.157 [http-nio-8080-exec-1] INFO  c.t.a.s.CustomUserDetailsService ---- User(id=9c8cf542-1449-4179-ba5a-a3e49bec6cda, username=Mohit, email=Mohit123@gmail.com, password=$2a$10$pyVpaepR2I03x76q1TFese67u0EjphokpnPI0wQZq2fgR/UwACpu., role=null) 
24-08-17 22:59:01.157 [http-nio-8080-exec-1] INFO  com.todolist.app.aop.LoggingAspect ---- Exiting CLASS:com.todolist.app.service.CustomUserDetailsService METHOD:loadUserByUsername with result:UserCustomDetails(user=User(id=9c8cf542-1449-4179-ba5a-a3e49bec6cda, username=Mohit, email=Mohit123@gmail.com, password=$2a$10$pyVpaepR2I03x76q1TFese67u0EjphokpnPI0wQZq2fgR/UwACpu., role=null)) 
24-08-17 22:59:01.218 [http-nio-8080-exec-1] INFO  com.todolist.app.aop.LoggingAspect ---- Entering CLASS:com.todolist.app.service.CustomUserDetailsService METHOD:loadUserByUsername with ReturnType:UserDetails and Arguments:[Mohit123@gmail.com] 
24-08-17 22:59:01.218 [http-nio-8080-exec-1] INFO  com.todolist.app.aop.LoggingAspect ---- Entering CLASS:com.todolist.app.dao.UserRepository METHOD:findByUsernameOrEmail with ReturnType:User and Arguments:[Mohit123@gmail.com] 
24-08-17 22:59:01.221 [http-nio-8080-exec-1] INFO  com.todolist.app.aop.LoggingAspect ---- Exiting CLASS:com.todolist.app.dao.UserRepository METHOD:findByUsernameOrEmail with result:User(id=9c8cf542-1449-4179-ba5a-a3e49bec6cda, username=Mohit, email=Mohit123@gmail.com, password=$2a$10$pyVpaepR2I03x76q1TFese67u0EjphokpnPI0wQZq2fgR/UwACpu., role=null) 
24-08-17 22:59:01.222 [http-nio-8080-exec-1] INFO  c.t.a.s.CustomUserDetailsService ---- User(id=9c8cf542-1449-4179-ba5a-a3e49bec6cda, username=Mohit, email=Mohit123@gmail.com, password=$2a$10$pyVpaepR2I03x76q1TFese67u0EjphokpnPI0wQZq2fgR/UwACpu., role=null) 
24-08-17 22:59:01.222 [http-nio-8080-exec-1] INFO  com.todolist.app.aop.LoggingAspect ---- Exiting CLASS:com.todolist.app.service.CustomUserDetailsService METHOD:loadUserByUsername with result:UserCustomDetails(user=User(id=9c8cf542-1449-4179-ba5a-a3e49bec6cda, username=Mohit, email=Mohit123@gmail.com, password=$2a$10$pyVpaepR2I03x76q1TFese67u0EjphokpnPI0wQZq2fgR/UwACpu., role=null)) 
24-08-17 22:59:01.222 [http-nio-8080-exec-1] INFO  com.todolist.app.aop.LoggingAspect ---- Entering CLASS:com.todolist.app.util.JwtHelper METHOD:generateToken with ReturnType:String and Arguments:[UserCustomDetails(user=User(id=9c8cf542-1449-4179-ba5a-a3e49bec6cda, username=Mohit, email=Mohit123@gmail.com, password=$2a$10$pyVpaepR2I03x76q1TFese67u0EjphokpnPI0wQZq2fgR/UwACpu., role=null))] 
24-08-17 22:59:01.241 [http-nio-8080-exec-1] INFO  com.todolist.app.aop.LoggingAspect ---- Exiting CLASS:com.todolist.app.util.JwtHelper METHOD:generateToken with result:eyJhbGciOiJIUzI1NiJ9.eyJtc2ciOiJJdCdzIGEgdXNlbGVzcyB0b2tlbiBub3RoaW5nIHRvIHNlZSBoZXJlLCBzaHV1ISEiLCJzdWIiOiJNb2hpdCIsImp0aSI6IjljOGNmNTQyLTE0NDktNDE3OS1iYTVhLWEzZTQ5YmVjNmNkYSIsImlhdCI6MTcyMzkxNTc0MSwiZXhwIjoxNzIzOTE5MzQxfQ.Bc_4aG5-BHie1BMCgzfjVDt4sVF12zqXdaGl0MQCFqg 
24-08-17 22:59:01.243 [http-nio-8080-exec-1] INFO  com.todolist.app.aop.LoggingAspect ---- Exiting CLASS:com.todolist.app.controller.AuthController METHOD:login with result:<200 OK OK,com.todolist.app.dto.CommonResponse@4df03c7,[]> 
24-08-17 23:00:23.787 [http-nio-8080-exec-4] INFO  o.s.web.filter.OncePerRequestFilter ---- Invalid Header value!! 
24-08-17 23:00:23.790 [http-nio-8080-exec-4] INFO  com.todolist.app.aop.LoggingAspect ---- Entering CLASS:com.todolist.app.controller.AuthController METHOD:login with ReturnType:ResponseEntity and Arguments:[JwtRequest(name=Mohit123@gmail.com, password=Password@123, captchaId=null, captcha=null)] 
24-08-17 23:00:23.790 [http-nio-8080-exec-4] INFO  com.todolist.app.aop.LoggingAspect ---- Entering CLASS:com.todolist.app.service.CustomUserDetailsService METHOD:loadUserByUsername with ReturnType:UserDetails and Arguments:[Mohit123@gmail.com] 
24-08-17 23:00:23.790 [http-nio-8080-exec-4] INFO  com.todolist.app.aop.LoggingAspect ---- Entering CLASS:com.todolist.app.dao.UserRepository METHOD:findByUsernameOrEmail with ReturnType:User and Arguments:[Mohit123@gmail.com] 
24-08-17 23:00:23.793 [http-nio-8080-exec-4] INFO  com.todolist.app.aop.LoggingAspect ---- Exiting CLASS:com.todolist.app.dao.UserRepository METHOD:findByUsernameOrEmail with result:User(id=9c8cf542-1449-4179-ba5a-a3e49bec6cda, username=Mohit, email=Mohit123@gmail.com, password=$2a$10$pyVpaepR2I03x76q1TFese67u0EjphokpnPI0wQZq2fgR/UwACpu., role=null) 
24-08-17 23:00:23.793 [http-nio-8080-exec-4] INFO  c.t.a.s.CustomUserDetailsService ---- User(id=9c8cf542-1449-4179-ba5a-a3e49bec6cda, username=Mohit, email=Mohit123@gmail.com, password=$2a$10$pyVpaepR2I03x76q1TFese67u0EjphokpnPI0wQZq2fgR/UwACpu., role=null) 
24-08-17 23:00:23.793 [http-nio-8080-exec-4] INFO  com.todolist.app.aop.LoggingAspect ---- Exiting CLASS:com.todolist.app.service.CustomUserDetailsService METHOD:loadUserByUsername with result:UserCustomDetails(user=User(id=9c8cf542-1449-4179-ba5a-a3e49bec6cda, username=Mohit, email=Mohit123@gmail.com, password=$2a$10$pyVpaepR2I03x76q1TFese67u0EjphokpnPI0wQZq2fgR/UwACpu., role=null)) 
24-08-17 23:00:23.896 [http-nio-8080-exec-4] INFO  com.todolist.app.aop.LoggingAspect ---- Entering CLASS:com.todolist.app.service.CustomUserDetailsService METHOD:loadUserByUsername with ReturnType:UserDetails and Arguments:[Mohit123@gmail.com] 
24-08-17 23:00:23.896 [http-nio-8080-exec-4] INFO  com.todolist.app.aop.LoggingAspect ---- Entering CLASS:com.todolist.app.dao.UserRepository METHOD:findByUsernameOrEmail with ReturnType:User and Arguments:[Mohit123@gmail.com] 
24-08-17 23:00:23.899 [http-nio-8080-exec-4] INFO  com.todolist.app.aop.LoggingAspect ---- Exiting CLASS:com.todolist.app.dao.UserRepository METHOD:findByUsernameOrEmail with result:User(id=9c8cf542-1449-4179-ba5a-a3e49bec6cda, username=Mohit, email=Mohit123@gmail.com, password=$2a$10$pyVpaepR2I03x76q1TFese67u0EjphokpnPI0wQZq2fgR/UwACpu., role=null) 
24-08-17 23:00:23.899 [http-nio-8080-exec-4] INFO  c.t.a.s.CustomUserDetailsService ---- User(id=9c8cf542-1449-4179-ba5a-a3e49bec6cda, username=Mohit, email=Mohit123@gmail.com, password=$2a$10$pyVpaepR2I03x76q1TFese67u0EjphokpnPI0wQZq2fgR/UwACpu., role=null) 
24-08-17 23:00:23.899 [http-nio-8080-exec-4] INFO  com.todolist.app.aop.LoggingAspect ---- Exiting CLASS:com.todolist.app.service.CustomUserDetailsService METHOD:loadUserByUsername with result:UserCustomDetails(user=User(id=9c8cf542-1449-4179-ba5a-a3e49bec6cda, username=Mohit, email=Mohit123@gmail.com, password=$2a$10$pyVpaepR2I03x76q1TFese67u0EjphokpnPI0wQZq2fgR/UwACpu., role=null)) 
24-08-17 23:00:23.900 [http-nio-8080-exec-4] INFO  com.todolist.app.aop.LoggingAspect ---- Entering CLASS:com.todolist.app.util.JwtHelper METHOD:generateToken with ReturnType:String and Arguments:[UserCustomDetails(user=User(id=9c8cf542-1449-4179-ba5a-a3e49bec6cda, username=Mohit, email=Mohit123@gmail.com, password=$2a$10$pyVpaepR2I03x76q1TFese67u0EjphokpnPI0wQZq2fgR/UwACpu., role=null))] 
24-08-17 23:00:23.900 [http-nio-8080-exec-4] INFO  com.todolist.app.aop.LoggingAspect ---- Exiting CLASS:com.todolist.app.util.JwtHelper METHOD:generateToken with result:eyJhbGciOiJIUzI1NiJ9.eyJtc2ciOiJJdCdzIGEgdXNlbGVzcyB0b2tlbiBub3RoaW5nIHRvIHNlZSBoZXJlLCBzaHV1ISEiLCJzdWIiOiJNb2hpdCIsImp0aSI6IjljOGNmNTQyLTE0NDktNDE3OS1iYTVhLWEzZTQ5YmVjNmNkYSIsImlhdCI6MTcyMzkxNTgyMywiZXhwIjoxNzIzOTE5NDIzfQ.iJohw1k2txXMS6KuTUCSo0qn33tneGeDdCvDP3fxv7I 
24-08-17 23:00:23.902 [http-nio-8080-exec-4] INFO  com.todolist.app.aop.LoggingAspect ---- Exiting CLASS:com.todolist.app.controller.AuthController METHOD:login with result:<200 OK OK,com.todolist.app.dto.CommonResponse@105f7f73,[]> 
24-08-17 23:01:54.929 [http-nio-8080-exec-8] INFO  com.todolist.app.aop.LoggingAspect ---- Entering CLASS:com.todolist.app.util.JwtHelper METHOD:getUsernameFromToken with ReturnType:String and Arguments:[eyJhbGciOiJIUzI1NiJ9.eyJtc2ciOiJJdCdzIGEgdXNlbGVzcyB0b2tlbiBub3RoaW5nIHRvIHNlZSBoZXJlLCBzaHV1ISEiLCJzdWIiOiJNb2hpdCIsImp0aSI6IjljOGNmNTQyLTE0NDktNDE3OS1iYTVhLWEzZTQ5YmVjNmNkYSIsImlhdCI6MTcyMzkxNTgyMywiZXhwIjoxNzIzOTE5NDIzfQ.iJohw1k2txXMS6KuTUCSo0qn33tneGeDdCvDP3fxv7I] 
24-08-17 23:01:54.946 [http-nio-8080-exec-8] INFO  com.todolist.app.aop.LoggingAspect ---- Exiting CLASS:com.todolist.app.util.JwtHelper METHOD:getUsernameFromToken with result:Mohit 
24-08-17 23:01:54.946 [http-nio-8080-exec-8] INFO  com.todolist.app.aop.LoggingAspect ---- Entering CLASS:com.todolist.app.service.CustomUserDetailsService METHOD:loadUserByUsername with ReturnType:UserDetails and Arguments:[Mohit] 
24-08-17 23:01:54.946 [http-nio-8080-exec-8] INFO  com.todolist.app.aop.LoggingAspect ---- Entering CLASS:com.todolist.app.dao.UserRepository METHOD:findByUsernameOrEmail with ReturnType:User and Arguments:[Mohit] 
24-08-17 23:01:54.967 [http-nio-8080-exec-8] INFO  com.todolist.app.aop.LoggingAspect ---- Exiting CLASS:com.todolist.app.dao.UserRepository METHOD:findByUsernameOrEmail with result:User(id=9c8cf542-1449-4179-ba5a-a3e49bec6cda, username=Mohit, email=Mohit123@gmail.com, password=$2a$10$pyVpaepR2I03x76q1TFese67u0EjphokpnPI0wQZq2fgR/UwACpu., role=null) 
24-08-17 23:01:54.967 [http-nio-8080-exec-8] INFO  c.t.a.s.CustomUserDetailsService ---- User(id=9c8cf542-1449-4179-ba5a-a3e49bec6cda, username=Mohit, email=Mohit123@gmail.com, password=$2a$10$pyVpaepR2I03x76q1TFese67u0EjphokpnPI0wQZq2fgR/UwACpu., role=null) 
24-08-17 23:01:54.967 [http-nio-8080-exec-8] INFO  com.todolist.app.aop.LoggingAspect ---- Exiting CLASS:com.todolist.app.service.CustomUserDetailsService METHOD:loadUserByUsername with result:UserCustomDetails(user=User(id=9c8cf542-1449-4179-ba5a-a3e49bec6cda, username=Mohit, email=Mohit123@gmail.com, password=$2a$10$pyVpaepR2I03x76q1TFese67u0EjphokpnPI0wQZq2fgR/UwACpu., role=null)) 
24-08-17 23:01:54.967 [http-nio-8080-exec-8] INFO  com.todolist.app.aop.LoggingAspect ---- Entering CLASS:com.todolist.app.util.JwtHelper METHOD:validateToken with ReturnType:Boolean and Arguments:[eyJhbGciOiJIUzI1NiJ9.eyJtc2ciOiJJdCdzIGEgdXNlbGVzcyB0b2tlbiBub3RoaW5nIHRvIHNlZSBoZXJlLCBzaHV1ISEiLCJzdWIiOiJNb2hpdCIsImp0aSI6IjljOGNmNTQyLTE0NDktNDE3OS1iYTVhLWEzZTQ5YmVjNmNkYSIsImlhdCI6MTcyMzkxNTgyMywiZXhwIjoxNzIzOTE5NDIzfQ.iJohw1k2txXMS6KuTUCSo0qn33tneGeDdCvDP3fxv7I, UserCustomDetails(user=User(id=9c8cf542-1449-4179-ba5a-a3e49bec6cda, username=Mohit, email=Mohit123@gmail.com, password=$2a$10$pyVpaepR2I03x76q1TFese67u0EjphokpnPI0wQZq2fgR/UwACpu., role=null))] 
24-08-17 23:01:54.970 [http-nio-8080-exec-8] INFO  com.todolist.app.aop.LoggingAspect ---- Exiting CLASS:com.todolist.app.util.JwtHelper METHOD:validateToken with result:true 
24-08-17 23:01:54.975 [http-nio-8080-exec-8] INFO  com.todolist.app.aop.LoggingAspect ---- Entering CLASS:com.todolist.app.aop.GlobalExceptionHandler METHOD:ExcepitonHandler with ReturnType:ResponseEntity and Arguments:[org.springframework.web.servlet.resource.NoResourceFoundException: No static resource todo/addTodo.] 
24-08-17 23:01:54.977 [http-nio-8080-exec-8] INFO  com.todolist.app.aop.LoggingAspect ---- Exiting CLASS:com.todolist.app.aop.GlobalExceptionHandler METHOD:ExcepitonHandler with result:<200 OK OK,com.todolist.app.dto.CommonResponse@702f7033,[]> 
24-08-17 23:03:36.952 [http-nio-8080-exec-2] INFO  com.todolist.app.aop.LoggingAspect ---- Entering CLASS:com.todolist.app.util.JwtHelper METHOD:getUsernameFromToken with ReturnType:String and Arguments:[eyJhbGciOiJIUzI1NiJ9.eyJtc2ciOiJJdCdzIGEgdXNlbGVzcyB0b2tlbiBub3RoaW5nIHRvIHNlZSBoZXJlLCBzaHV1ISEiLCJzdWIiOiJNb2hpdCIsImp0aSI6IjljOGNmNTQyLTE0NDktNDE3OS1iYTVhLWEzZTQ5YmVjNmNkYSIsImlhdCI6MTcyMzkxNTgyMywiZXhwIjoxNzIzOTE5NDIzfQ.iJohw1k2txXMS6KuTUCSo0qn33tneGeDdCvDP3fxv7I] 
24-08-17 23:03:36.956 [http-nio-8080-exec-2] INFO  com.todolist.app.aop.LoggingAspect ---- Exiting CLASS:com.todolist.app.util.JwtHelper METHOD:getUsernameFromToken with result:Mohit 
24-08-17 23:03:36.956 [http-nio-8080-exec-2] INFO  com.todolist.app.aop.LoggingAspect ---- Entering CLASS:com.todolist.app.service.CustomUserDetailsService METHOD:loadUserByUsername with ReturnType:UserDetails and Arguments:[Mohit] 
24-08-17 23:03:36.956 [http-nio-8080-exec-2] INFO  com.todolist.app.aop.LoggingAspect ---- Entering CLASS:com.todolist.app.dao.UserRepository METHOD:findByUsernameOrEmail with ReturnType:User and Arguments:[Mohit] 
24-08-17 23:03:36.961 [http-nio-8080-exec-2] INFO  com.todolist.app.aop.LoggingAspect ---- Exiting CLASS:com.todolist.app.dao.UserRepository METHOD:findByUsernameOrEmail with result:User(id=9c8cf542-1449-4179-ba5a-a3e49bec6cda, username=Mohit, email=Mohit123@gmail.com, password=$2a$10$pyVpaepR2I03x76q1TFese67u0EjphokpnPI0wQZq2fgR/UwACpu., role=null) 
24-08-17 23:03:36.961 [http-nio-8080-exec-2] INFO  c.t.a.s.CustomUserDetailsService ---- User(id=9c8cf542-1449-4179-ba5a-a3e49bec6cda, username=Mohit, email=Mohit123@gmail.com, password=$2a$10$pyVpaepR2I03x76q1TFese67u0EjphokpnPI0wQZq2fgR/UwACpu., role=null) 
24-08-17 23:03:36.961 [http-nio-8080-exec-2] INFO  com.todolist.app.aop.LoggingAspect ---- Exiting CLASS:com.todolist.app.service.CustomUserDetailsService METHOD:loadUserByUsername with result:UserCustomDetails(user=User(id=9c8cf542-1449-4179-ba5a-a3e49bec6cda, username=Mohit, email=Mohit123@gmail.com, password=$2a$10$pyVpaepR2I03x76q1TFese67u0EjphokpnPI0wQZq2fgR/UwACpu., role=null)) 
24-08-17 23:03:36.961 [http-nio-8080-exec-2] INFO  com.todolist.app.aop.LoggingAspect ---- Entering CLASS:com.todolist.app.util.JwtHelper METHOD:validateToken with ReturnType:Boolean and Arguments:[eyJhbGciOiJIUzI1NiJ9.eyJtc2ciOiJJdCdzIGEgdXNlbGVzcyB0b2tlbiBub3RoaW5nIHRvIHNlZSBoZXJlLCBzaHV1ISEiLCJzdWIiOiJNb2hpdCIsImp0aSI6IjljOGNmNTQyLTE0NDktNDE3OS1iYTVhLWEzZTQ5YmVjNmNkYSIsImlhdCI6MTcyMzkxNTgyMywiZXhwIjoxNzIzOTE5NDIzfQ.iJohw1k2txXMS6KuTUCSo0qn33tneGeDdCvDP3fxv7I, UserCustomDetails(user=User(id=9c8cf542-1449-4179-ba5a-a3e49bec6cda, username=Mohit, email=Mohit123@gmail.com, password=$2a$10$pyVpaepR2I03x76q1TFese67u0EjphokpnPI0wQZq2fgR/UwACpu., role=null))] 
24-08-17 23:03:36.967 [http-nio-8080-exec-2] INFO  com.todolist.app.aop.LoggingAspect ---- Exiting CLASS:com.todolist.app.util.JwtHelper METHOD:validateToken with result:true 
24-08-17 23:03:36.975 [http-nio-8080-exec-2] INFO  com.todolist.app.aop.LoggingAspect ---- Entering CLASS:com.todolist.app.aop.GlobalExceptionHandler METHOD:ExcepitonHandler with ReturnType:ResponseEntity and Arguments:[org.springframework.web.servlet.resource.NoResourceFoundException: No static resource todo/addTodo.] 
24-08-17 23:03:36.979 [http-nio-8080-exec-2] INFO  com.todolist.app.aop.LoggingAspect ---- Exiting CLASS:com.todolist.app.aop.GlobalExceptionHandler METHOD:ExcepitonHandler with result:<200 OK OK,com.todolist.app.dto.CommonResponse@10f3524a,[]> 
24-08-17 23:38:44.811 [HikariPool-1 housekeeper] WARN  com.zaxxer.hikari.pool.HikariPool ---- HikariPool-1 - Thread starvation or clock leap detected (housekeeper delta=22m1s229ms771s). 
24-08-17 23:53:46.096 [SpringApplicationShutdownHook] INFO  o.s.o.j.LocalContainerEntityManagerFactoryBean ---- Closing JPA EntityManagerFactory for persistence unit 'default' 
24-08-17 23:53:46.173 [SpringApplicationShutdownHook] INFO  com.zaxxer.hikari.HikariDataSource ---- HikariPool-1 - Shutdown initiated... 
24-08-17 23:53:46.189 [SpringApplicationShutdownHook] INFO  com.zaxxer.hikari.HikariDataSource ---- HikariPool-1 - Shutdown completed. 
